Copyright 1986-2020 Xilinx, Inc. All Rights Reserved.
----------------------------------------------------------------------------------------------------
| Tool Version : Vivado v.2020.1 (lin64) Build 2902540 Wed May 27 19:54:35 MDT 2020
| Date         : Thu Jun 25 20:28:17 2020
| Host         : CoolerPc running 64-bit Ubuntu 20.04 LTS
| Command      : report_utilization -hierarchical -file __main___utilization_hierarchical_synth.rpt
| Design       : __main__
| Device       : 7a100tcsg324-1
| Design State : Synthesized
----------------------------------------------------------------------------------------------------

Utilization Design Information

Table of Contents
-----------------
1. Utilization by Hierarchy

1. Utilization by Hierarchy
---------------------------

+----------------------------+------------------+------------+------------+---------+------+------+--------+--------+------------+
|          Instance          |      Module      | Total LUTs | Logic LUTs | LUTRAMs | SRLs |  FFs | RAMB36 | RAMB18 | DSP Blocks |
+----------------------------+------------------+------------+------------+---------+------+------+--------+--------+------------+
| __main__                   |            (top) |       2463 |       2431 |      32 |    0 | 1944 |     14 |      8 |          4 |
|   (__main__)               |            (top) |        391 |        359 |      32 |    0 |  706 |     13 |      0 |          0 |
|   VexRiscv                 |         VexRiscv |       2072 |       2072 |       0 |    0 | 1238 |      1 |      8 |          4 |
|     (VexRiscv)             |         VexRiscv |        865 |        865 |       0 |    0 | 1019 |      0 |      2 |          4 |
|     IBusCachedPlugin_cache | InstructionCache |        727 |        727 |       0 |    0 |   98 |      1 |      1 |          0 |
|     dataCache_1_           |        DataCache |        480 |        480 |       0 |    0 |  121 |      0 |      5 |          0 |
+----------------------------+------------------+------------+------------+---------+------+------+--------+--------+------------+


