Copyright 1986-2020 Xilinx, Inc. All Rights Reserved.
----------------------------------------------------------------------------------------------------
| Tool Version : Vivado v.2020.1 (lin64) Build 2902540 Wed May 27 19:54:35 MDT 2020
| Date         : Thu Jun 25 17:20:30 2020
| Host         : CoolerPc running 64-bit Ubuntu 20.04 LTS
| Command      : report_utilization -hierarchical -file __main___utilization_hierarchical_place.rpt
| Design       : __main__
| Device       : 7a100tcsg324-1
| Design State : Fully Placed
----------------------------------------------------------------------------------------------------

Utilization Design Information

Table of Contents
-----------------
1. Utilization by Hierarchy

1. Utilization by Hierarchy
---------------------------

+----------------------------+------------------+------------+------------+---------+------+------+--------+--------+------------+
|          Instance          |      Module      | Total LUTs | Logic LUTs | LUTRAMs | SRLs |  FFs | RAMB36 | RAMB18 | DSP Blocks |
+----------------------------+------------------+------------+------------+---------+------+------+--------+--------+------------+
| __main__                   |            (top) |       2315 |       2299 |      16 |    0 | 1812 |     14 |      8 |          4 |
|   (__main__)               |            (top) |        293 |        277 |      16 |    0 |  574 |     13 |      0 |          0 |
|   VexRiscv                 |         VexRiscv |       2022 |       2022 |       0 |    0 | 1238 |      1 |      8 |          4 |
|     (VexRiscv)             |         VexRiscv |        850 |        850 |       0 |    0 | 1020 |      0 |      2 |          4 |
|     IBusCachedPlugin_cache | InstructionCache |        716 |        716 |       0 |    0 |   97 |      1 |      1 |          0 |
|     dataCache_1_           |        DataCache |        456 |        456 |       0 |    0 |  121 |      0 |      5 |          0 |
+----------------------------+------------------+------------+------------+---------+------+------+--------+--------+------------+
* Note: The sum of lower-level cells may be larger than their parent cells total, due to cross-hierarchy LUT combining


